C51 COMPILER V9.59.0.0   MAQUINACAFE                                                       10/23/2018 22:32:02 PAGE 1   


C51 COMPILER V9.59.0.0, COMPILATION OF MODULE MAQUINACAFE
OBJECT MODULE PLACED IN .\Objects\maquinaCafe.obj
COMPILER INVOKED BY: C:\Keil_v5\C51\BIN\C51.EXE maquinaCafe.c OPTIMIZE(8,SPEED) BROWSE DEBUG OBJECTEXTEND PRINT(.\Listin
                    -gs\maquinaCafe.lst) OBJECT(.\Objects\maquinaCafe.obj)

line level    source

   1          /*Codigo da maquina de cafe*/
   2          
   3          #include <at89x52.h>
   4          
   5          #define ENTRADA P3_2
   6          #define BOTAOCHA P3_0
   7          #define BOTAOCAFE P3_1
   8          
   9          #define VALVULACHA P2_0
  10          #define VALVULACAFE P2_1
  11          
  12          int contador = 0;
  13          
  14          void ligar_valvula(unsigned int seg){
  15   1              int i, j;
  16   1              for(i = 0; i < seg*15; i++){
  17   2                      for(j = 0; j < 12750; j++){}
  18   2              }
  19   1      }
  20          void moedaInserida() interrupt 0{//a moeda foi inserida
  21   1              while(BOTAOCHA == BOTAOCAFE){} // esperasse que somente um dos botoes sejam apertados, entao um os estado
             -s dos dois ficam diferentes
  22   1              if(BOTAOCHA == 1){ //se o botao do cha for apertado ele liga a valvula por um tempo e depois desliga junt
             -o com o botao
  23   2                      VALVULACHA = 1;
  24   2                      ligar_valvula(10);
  25   2                      BOTAOCHA = 0;
  26   2                      VALVULACHA = 0;
  27   2              } else { //se o botao do cafe for apertado ele liga a valvula por um tempo e depois desliga junto com o b
             -otao
  28   2                      VALVULACAFE = 1;
  29   2                      ligar_valvula(10);
  30   2                      BOTAOCAFE = 0;
  31   2                      VALVULACAFE = 0;
  32   2              }
  33   1      }
  34          void main(){
  35   1              EA = 1;//habilita as interrupções
  36   1              EX0 = 1;//habilita a interrupção zero
  37   1              while(1){
  38   2                      P2 = 0;//zera os pinos
  39   2                      P3 = 0;//zeras os pinos
  40   2              }
  41   1      }


MODULE INFORMATION:   STATIC OVERLAYABLE
   CODE SIZE        =    147    ----
   CONSTANT SIZE    =   ----    ----
   XDATA SIZE       =   ----    ----
   PDATA SIZE       =   ----    ----
   DATA SIZE        =      2    ----
   IDATA SIZE       =   ----    ----
   BIT SIZE         =   ----    ----
C51 COMPILER V9.59.0.0   MAQUINACAFE                                                       10/23/2018 22:32:02 PAGE 2   

END OF MODULE INFORMATION.


C51 COMPILATION COMPLETE.  0 WARNING(S),  0 ERROR(S)
